<?xml version="1.0" encoding="UTF-8"?>
<!-- Generated by org.testng.reporters.JUnitReportReporter -->
<testsuite skipped="0" hostname="LAPTOP-I3ABMITL" name="PageFactoryWithoutAnnotations.LoginWithoutFindBy" tests="1" failures="0" timestamp="05 Apr 2020 17:56:30 GMT" time="7.785" errors="0">
  <testcase name="login" time="7.785" classname="PageFactoryWithoutAnnotations.LoginWithoutFindBy"/>
</testsuite> <!-- PageFactoryWithoutAnnotations.LoginWithoutFindBy -->
