<?xml version="1.0" encoding="UTF-8"?>
<!-- Generated by org.testng.reporters.JUnitReportReporter -->
<testsuite skipped="0" hostname="LAPTOP-I3ABMITL" name="testcases.UpdateProfile" tests="1" failures="0" timestamp="05 Apr 2020 17:18:02 GMT" time="15.329" errors="0">
  <testcase name="updateProfile" time="15.329" classname="testcases.UpdateProfile"/>
</testsuite> <!-- testcases.UpdateProfile -->
