<?xml version="1.0" encoding="UTF-8"?>
<!-- Generated by org.testng.reporters.JUnitReportReporter -->
<testsuite skipped="0" hostname="LAPTOP-I3ABMITL" name="testcases.LoginTestCase" tests="1" failures="0" timestamp="05 Apr 2020 17:08:47 GMT" time="8.957" errors="0">
  <testcase name="login" time="8.957" classname="testcases.LoginTestCase"/>
</testsuite> <!-- testcases.LoginTestCase -->
